2024-07-03 07:55:47,488 [INFO] Activator:176 - 


2024-07-03 07:55:47,491 [INFO] Activator:177 - !SESSION log4j initialized
2024-07-03 07:55:49,693 [INFO] LogOutputStream:77 - [STDOUT_REDIRECT] 
2024-07-03 07:55:51,623 [INFO] ApplicationProperties:184 - Using Application install path: C:\ST\STM32CubeIDE_1.15.1\STM32CubeIDE\plugins\com.st.stm32cube.common.mx_6.11.1.202404110753
2024-07-03 07:55:51,644 [INFO] DbMcusXml:78 - Set database path to: C:\ST\STM32CubeIDE_1.15.1\STM32CubeIDE\plugins\com.st.stm32cube.common.mx_6.11.1.202404110753\\db\/mcu/
2024-07-03 07:55:51,644 [INFO] ApiDb:274 - Set plugin database path to: C:\ST\STM32CubeIDE_1.15.1\STM32CubeIDE\plugins\com.st.stm32cube.common.mx_6.11.1.202404110753\\db\/plugins/boardmanager/
2024-07-03 07:55:51,645 [WARN] ApiDb:259 - Overriding images path with different value:  => C:\ST\STM32CubeIDE_1.15.1\STM32CubeIDE\plugins\com.st.stm32cube.common.mx_6.11.1.202404110753\\db\/plugins/mcufinder/images/
2024-07-03 07:55:51,651 [INFO] ApiDb:250 - Set database path to: C:\Users\borto\.stmcufinder\plugins\mcufinder//mcu/
2024-07-03 07:55:51,653 [INFO] DbMcusAds:125 - Set database path to: C:\Users\borto\.stmcufinder\plugins\mcufinder//mcu/
2024-07-03 07:55:51,657 [INFO] CrossReferenceDbSqlite:203 - Set database path to: C:\Users\borto\.stmcufinder\plugins\mcufinder//mcu/cs/
2024-07-03 07:55:51,754 [INFO] RulesReader:64 - Compatibility file has been processed (297 Rules)
2024-07-03 07:55:51,838 [INFO] DbMcusXml:78 - Set database path to: C:\ST\STM32CubeIDE_1.15.1\STM32CubeIDE\plugins\com.st.stm32cube.common.mx_6.11.1.202404110753\\db\/mcu/
2024-07-03 07:55:51,838 [INFO] ApiDb:274 - Set plugin database path to: C:\ST\STM32CubeIDE_1.15.1\STM32CubeIDE\plugins\com.st.stm32cube.common.mx_6.11.1.202404110753\\db\/plugins/boardmanager/
2024-07-03 07:55:51,838 [INFO] ApiDb:261 - Set plugin images path to: C:\ST\STM32CubeIDE_1.15.1\STM32CubeIDE\plugins\com.st.stm32cube.common.mx_6.11.1.202404110753\\db\/plugins/mcufinder/images/
2024-07-03 07:55:51,838 [WARN] DbFile:41 - Overriding database path with different value: C:\Users\borto\.stmcufinder\plugins\mcufinder/ => C:\Users\borto\.stmcufinder\plugins\mcufinder
2024-07-03 07:55:51,838 [INFO] ApiDb:250 - Set database path to: C:\Users\borto\.stmcufinder\plugins\mcufinder//mcu/
2024-07-03 07:55:51,838 [WARN] DbFile:41 - Overriding database path with different value: C:\Users\borto\.stmcufinder\plugins\mcufinder/ => C:\Users\borto\.stmcufinder\plugins\mcufinder
2024-07-03 07:55:51,838 [INFO] DbMcusAds:125 - Set database path to: C:\Users\borto\.stmcufinder\plugins\mcufinder//mcu/
2024-07-03 07:55:51,838 [WARN] DbFile:41 - Overriding database path with different value: C:\Users\borto\.stmcufinder\plugins\mcufinder/ => C:\Users\borto\.stmcufinder\plugins\mcufinder
2024-07-03 07:55:51,838 [WARN] DbFile:41 - Overriding database path with different value: C:\Users\borto\.stmcufinder\plugins\mcufinder/ => C:\Users\borto\.stmcufinder\plugins\mcufinder
2024-07-03 07:55:51,838 [INFO] CrossReferenceDbSqlite:203 - Set database path to: C:\Users\borto\.stmcufinder\plugins\mcufinder//mcu/cs/
2024-07-03 07:55:51,900 [INFO] MainPanel:264 - HeapMemory: 268435456
2024-07-03 07:55:51,945 [INFO] DbMcusXml:78 - Set database path to: C:\ST\STM32CubeIDE_1.15.1\STM32CubeIDE\plugins\com.st.stm32cube.common.mx_6.11.1.202404110753\\db\/mcu/
2024-07-03 07:55:51,945 [INFO] ApiDb:274 - Set plugin database path to: C:\ST\STM32CubeIDE_1.15.1\STM32CubeIDE\plugins\com.st.stm32cube.common.mx_6.11.1.202404110753\\db\/plugins/boardmanager/
2024-07-03 07:55:51,945 [INFO] ApiDb:261 - Set plugin images path to: C:\ST\STM32CubeIDE_1.15.1\STM32CubeIDE\plugins\com.st.stm32cube.common.mx_6.11.1.202404110753\\db\/plugins/mcufinder/images/
2024-07-03 07:55:51,945 [WARN] DbFile:41 - Overriding database path with different value: C:\Users\borto\.stmcufinder\plugins\mcufinder/ => C:\Users\borto\.stmcufinder\plugins\mcufinder
2024-07-03 07:55:51,945 [INFO] ApiDb:250 - Set database path to: C:\Users\borto\.stmcufinder\plugins\mcufinder//mcu/
2024-07-03 07:55:51,945 [WARN] DbFile:41 - Overriding database path with different value: C:\Users\borto\.stmcufinder\plugins\mcufinder/ => C:\Users\borto\.stmcufinder\plugins\mcufinder
2024-07-03 07:55:51,945 [INFO] DbMcusAds:125 - Set database path to: C:\Users\borto\.stmcufinder\plugins\mcufinder//mcu/
2024-07-03 07:55:51,945 [WARN] DbFile:41 - Overriding database path with different value: C:\Users\borto\.stmcufinder\plugins\mcufinder/ => C:\Users\borto\.stmcufinder\plugins\mcufinder
2024-07-03 07:55:51,945 [WARN] DbFile:41 - Overriding database path with different value: C:\Users\borto\.stmcufinder\plugins\mcufinder/ => C:\Users\borto\.stmcufinder\plugins\mcufinder
2024-07-03 07:55:51,945 [INFO] CrossReferenceDbSqlite:203 - Set database path to: C:\Users\borto\.stmcufinder\plugins\mcufinder//mcu/cs/
2024-07-03 07:55:51,962 [INFO] ApplicationProperties:184 - Using Application install path: C:\ST\STM32CubeIDE_1.15.1\STM32CubeIDE\plugins\com.st.stm32cube.common.mx_6.11.1.202404110753
2024-07-03 07:55:51,963 [INFO] PluginManage:196 - Search for loadable plugins [exclusion list=, ]
2024-07-03 07:55:51,965 [INFO] PluginManage:310 - Check plugin analytics
2024-07-03 07:55:52,138 [INFO] AnalyticsPlugin:253 - Accepted Software Licenses: 
2024-07-03 07:55:52,138 [INFO] AnalyticsPlugin:255 - Accepted CMSIS Pack Licenses: 
2024-07-03 07:55:52,138 [INFO] AnalyticsPlugin:257 - Accepted Firmware Licenses: FW.F4.1.28.0
2024-07-03 07:55:52,142 [INFO] PluginManage:359 - Loaded plugin analytics (category:tool,tabindex:-1)
2024-07-03 07:55:52,143 [INFO] PluginManage:310 - Check plugin cadmodel
2024-07-03 07:55:52,151 [INFO] CADModel:105 - Init CAD model plugin
2024-07-03 07:55:52,151 [INFO] PluginManage:359 - Loaded plugin cadmodel (category:power,tabindex:5)
2024-07-03 07:55:52,151 [INFO] PluginManage:310 - Check plugin clock
2024-07-03 07:55:52,162 [INFO] PluginManage:359 - Loaded plugin clock (category:base,tabindex:2)
2024-07-03 07:55:52,162 [INFO] PluginManage:310 - Check plugin ddr
2024-07-03 07:55:52,164 [INFO] PluginManage:359 - Loaded plugin ddr (category:tool,tabindex:6)
2024-07-03 07:55:52,164 [INFO] PluginManage:310 - Check plugin filemanager
2024-07-03 07:55:52,275 [INFO] PluginManage:359 - Loaded plugin filemanager (category:base,tabindex:10)
2024-07-03 07:55:52,275 [INFO] PluginManage:310 - Check plugin ipmanager
2024-07-03 07:55:52,280 [INFO] PluginManage:359 - Loaded plugin ipmanager (category:base,tabindex:5)
2024-07-03 07:55:52,280 [INFO] PluginManage:310 - Check plugin lpbam
2024-07-03 07:55:52,288 [INFO] PluginManage:359 - Loaded plugin lpbam (category:base,tabindex:0)
2024-07-03 07:55:52,288 [INFO] PluginManage:310 - Check plugin memorymap
2024-07-03 07:55:52,297 [INFO] PluginManage:359 - Loaded plugin memorymap (category:base,tabindex:4)
2024-07-03 07:55:52,297 [INFO] PluginManage:310 - Check plugin pinoutandconfiguration
2024-07-03 07:55:52,303 [INFO] PluginManage:359 - Loaded plugin pinoutandconfiguration (category:base,tabindex:1)
2024-07-03 07:55:52,304 [INFO] PluginManage:310 - Check plugin pinoutconfig
2024-07-03 07:55:52,388 [WARN] SupportedApi:132 - Cannot load RTOS API schema: s4s-elt-must-match.1: The content of 'definitions' must match (annotation?, (simpleType | complexType)?, (unique | key | keyref)*)). A problem was found starting at: attribute.
2024-07-03 07:55:52,549 [INFO] PluginManage:359 - Loaded plugin pinoutconfig (category:base,tabindex:0)
2024-07-03 07:55:52,549 [INFO] PluginManage:310 - Check plugin power
2024-07-03 07:55:52,561 [INFO] PluginManage:359 - Loaded plugin power (category:power,tabindex:4)
2024-07-03 07:55:52,561 [INFO] PluginManage:310 - Check plugin projectmanager
2024-07-03 07:55:52,577 [INFO] PluginManage:359 - Loaded plugin projectmanager (category:projectmanager,tabindex:3)
2024-07-03 07:55:52,577 [INFO] PluginManage:310 - Check plugin thirdparty
2024-07-03 07:55:52,699 [INFO] PluginManage:359 - Loaded plugin thirdparty (category:base,tabindex:-1)
2024-07-03 07:55:52,699 [INFO] PluginManage:310 - Check plugin tools
2024-07-03 07:55:52,699 [WARN] IntegrityCheckThread:84 - waiting for thirdparty lock release [integrity check]
2024-07-03 07:55:52,699 [INFO] IntegrityCheckThread:86 - entering critical section [integrity check]
2024-07-03 07:55:52,700 [INFO] ThirdPartyUpdaterWithRetryManager:70 - Updater plugin not ready yet. [1/15]
2024-07-03 07:55:52,702 [INFO] PluginManage:359 - Loaded plugin tools (category:base,tabindex:7)
2024-07-03 07:55:52,702 [INFO] PluginManage:310 - Check plugin tutovideos
2024-07-03 07:55:52,856 [INFO] PluginManage:359 - Loaded plugin tutovideos (category:base,tabindex:-1)
2024-07-03 07:55:52,856 [INFO] PluginManage:310 - Check plugin updater
2024-07-03 07:55:52,864 [INFO] PluginManage:359 - Loaded plugin updater (category:base,tabindex:12)
2024-07-03 07:55:52,864 [INFO] PluginManage:310 - Check plugin userauth
2024-07-03 07:55:52,868 [INFO] UserAuth:114 - Init User Auth plugin
2024-07-03 07:55:52,868 [INFO] PluginManage:359 - Loaded plugin userauth (category:base,tabindex:14)
2024-07-03 07:55:52,868 [INFO] PluginManage:283 - PluginManage : Loaded plugins [17]
2024-07-03 07:55:53,079 [INFO] PinOutPanel:1561 - setPackage(No Configuration,No Configuration)
2024-07-03 07:55:53,249 [INFO] CADModel:165 - CPN selected for project level
2024-07-03 07:55:53,249 [INFO] CADModel:114 - Register for checkConnection events
2024-07-03 07:55:53,264 [INFO] IPUIPlugin:80 - create IPUIPlugin
2024-07-03 07:55:53,264 [INFO] PluginManager:220 - loadIPPluginJar : add adc
2024-07-03 07:55:53,266 [INFO] IPUIPlugin:80 - create IPUIPlugin
2024-07-03 07:55:53,266 [INFO] PluginManager:220 - loadIPPluginJar : add aes
2024-07-03 07:55:53,267 [INFO] IPUIPlugin:80 - create IPUIPlugin
2024-07-03 07:55:53,268 [INFO] PluginManager:220 - loadIPPluginJar : add can
2024-07-03 07:55:53,269 [INFO] IPUIPlugin:80 - create IPUIPlugin
2024-07-03 07:55:53,269 [INFO] PluginManager:220 - loadIPPluginJar : add comp
2024-07-03 07:55:53,271 [INFO] IPUIPlugin:80 - create IPUIPlugin
2024-07-03 07:55:53,271 [INFO] PluginManager:220 - loadIPPluginJar : add cryp
2024-07-03 07:55:53,273 [INFO] IPUIPlugin:80 - create IPUIPlugin
2024-07-03 07:55:53,273 [INFO] PluginManager:220 - loadIPPluginJar : add dfsdm
2024-07-03 07:55:53,277 [INFO] IPUIPlugin:80 - create IPUIPlugin
2024-07-03 07:55:53,278 [INFO] PluginManager:220 - loadIPPluginJar : add dma
2024-07-03 07:55:53,280 [INFO] IPUIPlugin:80 - create IPUIPlugin
2024-07-03 07:55:53,280 [INFO] PluginManager:220 - loadIPPluginJar : add dma3
2024-07-03 07:55:53,282 [INFO] IPUIPlugin:80 - create IPUIPlugin
2024-07-03 07:55:53,282 [INFO] PluginManager:220 - loadIPPluginJar : add extmemmanager
2024-07-03 07:55:53,284 [INFO] IPUIPlugin:80 - create IPUIPlugin
2024-07-03 07:55:53,284 [INFO] PluginManager:220 - loadIPPluginJar : add fatfs
2024-07-03 07:55:53,287 [INFO] IPUIPlugin:80 - create IPUIPlugin
2024-07-03 07:55:53,288 [INFO] PluginManager:220 - loadIPPluginJar : add fmc
2024-07-03 07:55:53,292 [INFO] IPUIPlugin:80 - create IPUIPlugin
2024-07-03 07:55:53,293 [INFO] PluginManager:220 - loadIPPluginJar : add freertos
2024-07-03 07:55:53,294 [INFO] IPUIPlugin:80 - create IPUIPlugin
2024-07-03 07:55:53,294 [INFO] PluginManager:220 - loadIPPluginJar : add genericplugin
2024-07-03 07:55:53,296 [INFO] IPUIPlugin:80 - create IPUIPlugin
2024-07-03 07:55:53,296 [INFO] PluginManager:220 - loadIPPluginJar : add gfxmmu
2024-07-03 07:55:53,303 [INFO] IPUIPlugin:80 - create IPUIPlugin
2024-07-03 07:55:53,303 [INFO] PluginManager:220 - loadIPPluginJar : add gic
2024-07-03 07:55:53,306 [INFO] IPUIPlugin:80 - create IPUIPlugin
2024-07-03 07:55:53,307 [INFO] PluginManager:220 - loadIPPluginJar : add gpio
2024-07-03 07:55:53,309 [INFO] IPUIPlugin:80 - create IPUIPlugin
2024-07-03 07:55:53,309 [INFO] PluginManager:220 - loadIPPluginJar : add gtzc
2024-07-03 07:55:53,312 [INFO] IPUIPlugin:80 - create IPUIPlugin
2024-07-03 07:55:53,312 [INFO] PluginManager:220 - loadIPPluginJar : add hash
2024-07-03 07:55:53,314 [INFO] IPUIPlugin:80 - create IPUIPlugin
2024-07-03 07:55:53,314 [INFO] PluginManager:220 - loadIPPluginJar : add i2c
2024-07-03 07:55:53,316 [INFO] IPUIPlugin:80 - create IPUIPlugin
2024-07-03 07:55:53,316 [INFO] PluginManager:220 - loadIPPluginJar : add i2s
2024-07-03 07:55:53,318 [INFO] IPUIPlugin:80 - create IPUIPlugin
2024-07-03 07:55:53,318 [INFO] PluginManager:220 - loadIPPluginJar : add i3c
2024-07-03 07:55:53,320 [INFO] IPUIPlugin:80 - create IPUIPlugin
2024-07-03 07:55:53,320 [INFO] PluginManager:220 - loadIPPluginJar : add ipddr
2024-07-03 07:55:53,325 [INFO] IPUIPlugin:80 - create IPUIPlugin
2024-07-03 07:55:53,326 [INFO] PluginManager:220 - loadIPPluginJar : add linkedlist
2024-07-03 07:55:53,327 [INFO] IPUIPlugin:80 - create IPUIPlugin
2024-07-03 07:55:53,327 [INFO] PluginManager:220 - loadIPPluginJar : add lorawan
2024-07-03 07:55:53,328 [INFO] IPUIPlugin:80 - create IPUIPlugin
2024-07-03 07:55:53,328 [INFO] PluginManager:220 - loadIPPluginJar : add ltdc
2024-07-03 07:55:53,334 [INFO] IPUIPlugin:80 - create IPUIPlugin
2024-07-03 07:55:53,335 [INFO] PluginManager:220 - loadIPPluginJar : add mdma
2024-07-03 07:55:53,338 [INFO] IPUIPlugin:80 - create IPUIPlugin
2024-07-03 07:55:53,338 [INFO] PluginManager:220 - loadIPPluginJar : add nvic
2024-07-03 07:55:53,341 [INFO] IPUIPlugin:80 - create IPUIPlugin
2024-07-03 07:55:53,342 [INFO] PluginManager:220 - loadIPPluginJar : add opamp
2024-07-03 07:55:53,345 [INFO] IPUIPlugin:80 - create IPUIPlugin
2024-07-03 07:55:53,345 [INFO] PluginManager:220 - loadIPPluginJar : add openamp
2024-07-03 07:55:53,347 [INFO] IPUIPlugin:80 - create IPUIPlugin
2024-07-03 07:55:53,347 [INFO] PluginManager:220 - loadIPPluginJar : add pdm2pcm
2024-07-03 07:55:53,352 [INFO] IPUIPlugin:80 - create IPUIPlugin
2024-07-03 07:55:53,355 [INFO] PluginManager:220 - loadIPPluginJar : add plateformsettings
2024-07-03 07:55:53,357 [INFO] IPUIPlugin:80 - create IPUIPlugin
2024-07-03 07:55:53,357 [INFO] PluginManager:220 - loadIPPluginJar : add quadspi
2024-07-03 07:55:53,360 [INFO] IPUIPlugin:80 - create IPUIPlugin
2024-07-03 07:55:53,361 [INFO] PluginManager:220 - loadIPPluginJar : add resmgrutility
2024-07-03 07:55:53,363 [INFO] IPUIPlugin:80 - create IPUIPlugin
2024-07-03 07:55:53,363 [INFO] PluginManager:220 - loadIPPluginJar : add sai
2024-07-03 07:55:53,365 [INFO] IPUIPlugin:80 - create IPUIPlugin
2024-07-03 07:55:53,365 [INFO] PluginManager:220 - loadIPPluginJar : add spi
2024-07-03 07:55:53,369 [INFO] IPUIPlugin:80 - create IPUIPlugin
2024-07-03 07:55:53,369 [INFO] PluginManager:220 - loadIPPluginJar : add stm32_wpan
2024-07-03 07:55:53,371 [INFO] IPUIPlugin:80 - create IPUIPlugin
2024-07-03 07:55:53,372 [INFO] PluginManager:220 - loadIPPluginJar : add tim
2024-07-03 07:55:53,376 [INFO] IPUIPlugin:80 - create IPUIPlugin
2024-07-03 07:55:53,376 [INFO] PluginManager:220 - loadIPPluginJar : add touchsensing
2024-07-03 07:55:53,378 [INFO] IPUIPlugin:80 - create IPUIPlugin
2024-07-03 07:55:53,378 [INFO] PluginManager:220 - loadIPPluginJar : add tracer_emb
2024-07-03 07:55:53,380 [INFO] IPUIPlugin:80 - create IPUIPlugin
2024-07-03 07:55:53,380 [INFO] PluginManager:220 - loadIPPluginJar : add ts
2024-07-03 07:55:53,381 [INFO] IPUIPlugin:80 - create IPUIPlugin
2024-07-03 07:55:53,381 [INFO] PluginManager:220 - loadIPPluginJar : add tsc
2024-07-03 07:55:53,382 [INFO] IPUIPlugin:80 - create IPUIPlugin
2024-07-03 07:55:53,382 [INFO] PluginManager:220 - loadIPPluginJar : add ucpd
2024-07-03 07:55:53,385 [INFO] IPUIPlugin:80 - create IPUIPlugin
2024-07-03 07:55:53,385 [INFO] PluginManager:220 - loadIPPluginJar : add usart
2024-07-03 07:55:53,387 [INFO] IPUIPlugin:80 - create IPUIPlugin
2024-07-03 07:55:53,387 [INFO] PluginManager:220 - loadIPPluginJar : add usbx
2024-07-03 07:55:53,499 [INFO] CADModel:165 - CPN selected for project level
2024-07-03 07:55:53,499 [INFO] CADModel:114 - Register for checkConnection events
2024-07-03 07:55:53,499 [FATAL] Updater:308 - Updater called before beeing initialized
2024-07-03 07:55:53,499 [ERROR] CADModel:125 - Updater not yet initialized, retry later 
2024-07-03 07:55:53,598 [INFO] CADModel:165 - CPN selected for project level
2024-07-03 07:55:53,598 [INFO] CADModel:114 - Register for checkConnection events
2024-07-03 07:55:53,598 [FATAL] Updater:308 - Updater called before beeing initialized
2024-07-03 07:55:53,598 [ERROR] CADModel:125 - Updater not yet initialized, retry later 
2024-07-03 07:55:53,601 [FATAL] Updater:308 - Updater called before beeing initialized
2024-07-03 07:55:53,686 [FATAL] Updater:308 - Updater called before beeing initialized
2024-07-03 07:55:53,691 [INFO] DbMcusAds:53 - JSON generation date=Thu May 16 06:22:00 BRT 2024 (1715851320852)
2024-07-03 07:55:53,691 [FATAL] Updater:308 - Updater called before beeing initialized
2024-07-03 07:55:53,715 [WARN] DetailPanel:346 - Failed to get advertising image, set to default
2024-07-03 07:55:53,774 [FATAL] Updater:308 - Updater called before beeing initialized
2024-07-03 07:55:53,775 [FATAL] Updater:308 - Updater called before beeing initialized
2024-07-03 07:55:53,775 [FATAL] Updater:308 - Updater called before beeing initialized
2024-07-03 07:55:53,775 [WARN] DetailPanel:346 - Failed to get advertising image, set to default
2024-07-03 07:55:53,776 [FATAL] Updater:308 - Updater called before beeing initialized
2024-07-03 07:55:53,822 [ERROR] Updater:1120 - MainUpdater not yet initialized. External WinMGr cannot be set.
2024-07-03 07:55:53,824 [INFO] Updater:1056 - Updater Version found : 6.11.1
2024-07-03 07:55:53,842 [INFO] ApplicationProperties:184 - Using Application install path: C:\ST\STM32CubeIDE_1.15.1\STM32CubeIDE\plugins\com.st.stm32cube.common.mx_6.11.1.202404110753
2024-07-03 07:55:55,468 [ERROR] LogOutputStream:75 - [STDERR_REDIRECT] Jul 03, 2024 7:55:55 AM java.util.prefs.WindowsPreferences <init>
2024-07-03 07:55:55,468 [ERROR] LogOutputStream:75 - [STDERR_REDIRECT] WARNING: Could not open/create prefs root node Software\JavaSoft\Prefs at root 0xffffffff80000002. Windows RegCreateKeyEx(...) returned error code 5.
2024-07-03 07:55:55,468 [ERROR] LogOutputStream:75 - [STDERR_REDIRECT] 
2024-07-03 07:55:55,695 [INFO] MainUpdater:2873 - connection check result : 10
2024-07-03 07:55:55,696 [INFO] MainUpdater:290 - Updater Check For Update Now.
2024-07-03 07:55:55,696 [INFO] MicroXplorer:498 - Change Database Version : DB.6.0.111
2024-07-03 07:55:55,703 [INFO] ThirdPartyUpdaterWithRetryManager:70 - Updater plugin not ready yet. [2/15]
2024-07-03 07:55:55,711 [INFO] McuFinderGlobals:63 - Set McuFinder mode to 2 (CubeIDE integrated)
2024-07-03 07:55:55,721 [INFO] UserAuth:415 - Internet connection configuration mode: 1
2024-07-03 07:55:55,745 [INFO] JxBrowserEngine:152 - Initiate JxBrowser Engine with user profile folder
2024-07-03 07:55:55,860 [INFO] CheckServerUpdateThread:120 - End of CheckServer Thread
2024-07-03 07:55:56,288 [INFO] WebApp:161 - Instantiating new browser for Auth
2024-07-03 07:55:56,678 [INFO] WebApp:779 - Register for checkConnection events
2024-07-03 07:55:56,678 [INFO] WebApp:414 - Apply proxy settings
2024-07-03 07:55:56,678 [INFO] WebApp:499 - Chromium requires no authentication
2024-07-03 07:55:56,683 [INFO] WebApp:442 - Direct internet connection detected
2024-07-03 07:55:56,781 [INFO] WebApp:192 - Starting web application
2024-07-03 07:55:56,781 [INFO] WebApp:544 - Web application path used C:\ST\STM32CubeIDE_1.15.1\STM32CubeIDE\plugins\com.st.stm32cube.common.mx_6.11.1.202404110753\db\plugins\mcufinder\reactClient1\index.html
2024-07-03 07:55:58,964 [WARN] PackLoader:240 - Cannot read IP mode file for STMicroelectronics.FP-SNS-MOTENVWB1.1.4.0
2024-07-03 07:55:58,987 [WARN] PackLoader:240 - Cannot read IP mode file for STMicroelectronics.X-CUBE-SMBUS.2.1.0
2024-07-03 07:55:58,994 [WARN] PackLoader:240 - Cannot read IP mode file for STMicroelectronics.X-CUBE-TOUCHGFX.4.23.2
2024-07-03 07:55:59,041 [WARN] PackLoader:240 - Cannot read IP mode file for STMicroelectronics.X-CUBE-AZRTOS-F7.1.1.0
2024-07-03 07:55:59,053 [WARN] PackLoader:240 - Cannot read IP mode file for STMicroelectronics.FP-SNS-FLIGHT1.5.0.2
2024-07-03 07:55:59,064 [WARN] PackLoader:240 - Cannot read IP mode file for STMicroelectronics.X-CUBE-DISPLAY.3.0.0
2024-07-03 07:55:59,079 [WARN] PackLoader:240 - Cannot read IP mode file for STMicroelectronics.X-CUBE-BLE1.7.0.0
2024-07-03 07:55:59,085 [WARN] PackLoader:240 - Cannot read IP mode file for emotas.I-CUBE-CANOPEN.1.3.0
2024-07-03 07:55:59,101 [WARN] PackLoader:240 - Cannot read IP mode file for STMicroelectronics.X-CUBE-BLEMGR.3.1.0
2024-07-03 07:55:59,118 [WARN] PackLoader:240 - Cannot read IP mode file for STMicroelectronics.FP-SNS-SMARTAG2.1.2.0
2024-07-03 07:55:59,136 [INFO] LogOutputStream:77 - [STDOUT_REDIRECT] 1 : Invalid condition id : UX_CORESTACK_Condition cause : null
2024-07-03 07:55:59,137 [INFO] LogOutputStream:77 - [STDOUT_REDIRECT] 1 : Invalid condition id : UX_CORESTACK_Condition cause : null
2024-07-03 07:55:59,139 [INFO] LogOutputStream:77 - [STDOUT_REDIRECT] 1 : Invalid condition id : UX_CORESTACK_Condition cause : null
2024-07-03 07:55:59,141 [INFO] LogOutputStream:77 - [STDOUT_REDIRECT] 1 : Invalid condition id : UX_CORESTACK_Condition cause : null
2024-07-03 07:55:59,143 [INFO] LogOutputStream:77 - [STDOUT_REDIRECT] 1 : Invalid condition id : UX_CORESTACK_Condition cause : null
2024-07-03 07:55:59,157 [WARN] PackLoader:240 - Cannot read IP mode file for STMicroelectronics.X-CUBE-AZRTOS-WL.2.0.0
2024-07-03 07:55:59,167 [WARN] PackLoader:240 - Cannot read IP mode file for STMicroelectronics.FP-SNS-MOTENV1.5.0.0
2024-07-03 07:55:59,174 [WARN] PackLoader:240 - Cannot read IP mode file for wolfSSL.I-CUBE-wolfMQTT.1.19.0
2024-07-03 07:55:59,184 [WARN] PackLoader:240 - Cannot read IP mode file for WES.I-CUBE-Cesium.1.3.0
2024-07-03 07:55:59,190 [WARN] PackLoader:240 - Cannot read IP mode file for STMicroelectronics.X-CUBE-BLE2.3.3.0
2024-07-03 07:55:59,196 [WARN] PackLoader:240 - Cannot read IP mode file for STMicroelectronics.X-CUBE-TCPP.4.1.0
2024-07-03 07:55:59,214 [WARN] PackLoader:240 - Cannot read IP mode file for STMicroelectronics.X-CUBE-AZRTOS-G0.1.1.0
2024-07-03 07:55:59,225 [WARN] PackLoader:240 - Cannot read IP mode file for STMicroelectronics.X-CUBE-SAFEA1.1.2.2
2024-07-03 07:55:59,231 [WARN] PackLoader:240 - Cannot read IP mode file for STMicroelectronics.X-CUBE-NFC4.3.0.0
2024-07-03 07:55:59,236 [WARN] PackLoader:240 - Cannot read IP mode file for wolfSSL.I-CUBE-wolfMQTT.1.18.0
2024-07-03 07:55:59,240 [WARN] PackLoader:240 - Cannot read IP mode file for wolfSSL.I-CUBE-wolfSSL.5.7.0
2024-07-03 07:55:59,244 [WARN] PackLoader:240 - Cannot read IP mode file for STMicroelectronics.FP-ATR-SIGFOX1.3.2.0
2024-07-03 07:55:59,249 [WARN] PackLoader:240 - Cannot read IP mode file for STMicroelectronics.X-CUBE-EEPRMA1.5.1.0
2024-07-03 07:55:59,260 [WARN] PackLoader:240 - Cannot read IP mode file for ITTIA_DB.I-CUBE-ITTIADB.8.9.0
2024-07-03 07:55:59,281 [WARN] PackLoader:240 - Cannot read IP mode file for SEGGER.I-CUBE-embOS.1.3.1
2024-07-03 07:55:59,352 [WARN] PackLoader:240 - Cannot read IP mode file for STMicroelectronics.X-CUBE-ALGOBUILD.1.4.0
2024-07-03 07:55:59,360 [WARN] PackLoader:240 - Cannot read IP mode file for STMicroelectronics.X-CUBE-GNSS1.6.0.0
2024-07-03 07:55:59,373 [WARN] PackLoader:240 - Cannot read IP mode file for STMicroelectronics.X-CUBE-AZRTOS-F4.1.1.0
2024-07-03 07:55:59,378 [WARN] PackLoader:240 - Cannot read IP mode file for STMicroelectronics.X-CUBE-FREERTOS.1.2.0
2024-07-03 07:55:59,390 [WARN] PackLoader:240 - Cannot read IP mode file for STMicroelectronics.X-CUBE-AZRTOS-L5.2.0.0
2024-07-03 07:55:59,395 [WARN] PackLoader:240 - Cannot read IP mode file for STMicroelectronics.X-CUBE-NFC6.3.1.0
2024-07-03 07:55:59,400 [WARN] PackLoader:240 - Cannot read IP mode file for STMicroelectronics.X-CUBE-AI.9.0.0
2024-07-03 07:55:59,406 [WARN] PackLoader:240 - Cannot read IP mode file for STMicroelectronics.X-CUBE-NFC7.1.0.1
2024-07-03 07:55:59,423 [WARN] ConditionMgr:438 - getConditionDescription Invalid condition id : LAN8742 Phy interface Condition cause : null
2024-07-03 07:55:59,424 [WARN] PackLoader:240 - Cannot read IP mode file for STMicroelectronics.X-CUBE-AZRTOS-L4.2.0.0
2024-07-03 07:55:59,425 [WARN] ConditionMgr:1039 - genDependencies : Invalid condition id : LAN8742 Phy interface Condition cause : null
2024-07-03 07:55:59,425 [WARN] ConditionMgr:1039 - genDependencies : Invalid condition id : LAN8742 Phy interface Condition cause : null
2024-07-03 07:55:59,425 [WARN] ConditionMgr:1039 - genDependencies : Invalid condition id : LAN8742 Phy interface Condition cause : null
2024-07-03 07:55:59,430 [WARN] PackLoader:240 - Cannot read IP mode file for STMicroelectronics.X-CUBE-SFXS2LP1.4.0.0
2024-07-03 07:55:59,441 [WARN] ConditionMgr:438 - getConditionDescription Invalid condition id : UX DEVICE CLASS RTOS Condition cause : null
2024-07-03 07:55:59,443 [WARN] ConditionMgr:438 - getConditionDescription Invalid condition id : UX DEVICE CLASS RTOS Condition cause : null
2024-07-03 07:55:59,444 [WARN] PackLoader:240 - Cannot read IP mode file for STMicroelectronics.X-CUBE-AZRTOS-WB.2.0.0
2024-07-03 07:55:59,445 [WARN] ConditionMgr:1039 - genDependencies : Invalid condition id : UX DEVICE CLASS RTOS Condition cause : null
2024-07-03 07:55:59,445 [WARN] ConditionMgr:1039 - genDependencies : Invalid condition id : UX DEVICE CLASS RTOS Condition cause : null
2024-07-03 07:55:59,445 [WARN] ConditionMgr:1039 - genDependencies : Invalid condition id : UX DEVICE CLASS RTOS Condition cause : null
2024-07-03 07:55:59,445 [WARN] ConditionMgr:1039 - genDependencies : Invalid condition id : UX DEVICE CLASS RTOS Condition cause : null
2024-07-03 07:55:59,445 [WARN] ConditionMgr:1039 - genDependencies : Invalid condition id : UX DEVICE CLASS RTOS Condition cause : null
2024-07-03 07:55:59,453 [WARN] PackLoader:240 - Cannot read IP mode file for STMicroelectronics.X-CUBE-SUBG2.5.0.0
2024-07-03 07:55:59,459 [WARN] PackLoader:240 - Cannot read IP mode file for Cesanta.I-CUBE-Mongoose.7.13.0
2024-07-03 07:55:59,469 [WARN] PackLoader:240 - Cannot read IP mode file for STMicroelectronics.X-CUBE-AZRTOS-G4.2.0.0
2024-07-03 07:55:59,474 [WARN] PackLoader:240 - Cannot read IP mode file for STMicroelectronics.X-CUBE-ISPU.2.0.0
2024-07-03 07:55:59,477 [WARN] PackLoader:240 - Cannot read IP mode file for STMicroelectronics.X-CUBE-ALS.1.0.2
2024-07-03 07:55:59,501 [WARN] PackLoader:240 - Cannot read IP mode file for STMicroelectronics.X-CUBE-MEMS1.10.0.0
2024-07-03 07:55:59,575 [WARN] PackLoader:240 - Cannot read IP mode file for STMicroelectronics.X-CUBE-TOUCHGFX.4.24.0
2024-07-03 07:55:59,580 [WARN] PackLoader:240 - Cannot read IP mode file for portGmbH.I-Cube-SoM-uGOAL.1.1.0
2024-07-03 07:55:59,592 [WARN] PackLoader:240 - Cannot read IP mode file for STMicroelectronics.X-CUBE-AZRTOS-H7RS.1.0.0
2024-07-03 07:55:59,597 [WARN] PackLoader:240 - Cannot read IP mode file for STMicroelectronics.FP-ATR-ASTRA1.2.0.0
2024-07-03 07:55:59,605 [WARN] PackLoader:240 - Cannot read IP mode file for STMicroelectronics.X-CUBE-TOF1.3.4.1
2024-07-03 07:55:59,626 [WARN] PackLoader:240 - Cannot read IP mode file for STMicroelectronics.X-CUBE-AZRTOS-H7.3.2.0
2024-07-03 07:55:59,641 [WARN] PackLoader:240 - Cannot read IP mode file for Infineon.AIROC-Wi-Fi-Bluetooth-STM32.1.6.0
2024-07-03 07:55:59,644 [INFO] ThirdParty:978 - Integrity check success = true
2024-07-03 07:55:59,644 [INFO] IntegrityCheckThread:100 - exiting critical section [integrity check]
2024-07-03 07:55:59,644 [INFO] IntegrityCheckThread:103 - End integrity checks thread
2024-07-03 07:56:08,741 [ERROR] LogOutputStream:75 - [STDERR_REDIRECT] 
